Determining if the pthread_create exist failed with the following output:
Change Dir: /afs/cs.cmu.edu/academic/class/15662-s15-users/minwongj/p4-physics-late1/build/CMakeFiles/CMakeTmp

Run Build Command:/usr/bin/gmake "cmTryCompileExec2314410637/fast"
/usr/bin/gmake -f CMakeFiles/cmTryCompileExec2314410637.dir/build.make CMakeFiles/cmTryCompileExec2314410637.dir/build
gmake[1]: Entering directory `/afs/cs.cmu.edu/academic/class/15662-s15-users/minwongj/p4-physics-late1/build/CMakeFiles/CMakeTmp'
/usr/bin/cmake -E cmake_progress_report /afs/cs.cmu.edu/academic/class/15662-s15-users/minwongj/p4-physics-late1/build/CMakeFiles/CMakeTmp/CMakeFiles 1
Building C object CMakeFiles/cmTryCompileExec2314410637.dir/CheckSymbolExists.c.o
/usr/bin/cc    -o CMakeFiles/cmTryCompileExec2314410637.dir/CheckSymbolExists.c.o   -c /afs/cs.cmu.edu/academic/class/15662-s15-users/minwongj/p4-physics-late1/build/CMakeFiles/CMakeTmp/CheckSymbolExists.c
Linking C executable cmTryCompileExec2314410637
/usr/bin/cmake -E cmake_link_script CMakeFiles/cmTryCompileExec2314410637.dir/link.txt --verbose=1
/usr/bin/cc       CMakeFiles/cmTryCompileExec2314410637.dir/CheckSymbolExists.c.o  -o cmTryCompileExec2314410637 -rdynamic 
CMakeFiles/cmTryCompileExec2314410637.dir/CheckSymbolExists.c.o: In function `main':
CheckSymbolExists.c:(.text+0xc): undefined reference to `pthread_create'
collect2: ld returned 1 exit status
gmake[1]: Leaving directory `/afs/cs.cmu.edu/academic/class/15662-s15-users/minwongj/p4-physics-late1/build/CMakeFiles/CMakeTmp'
gmake[1]: *** [cmTryCompileExec2314410637] Error 1
gmake: *** [cmTryCompileExec2314410637/fast] Error 2

File /afs/cs.cmu.edu/academic/class/15662-s15-users/minwongj/p4-physics-late1/build/CMakeFiles/CMakeTmp/CheckSymbolExists.c:
/* */
#include <pthread.h>

int main(int argc, char** argv)
{
  (void)argv;
#ifndef pthread_create
  return ((int*)(&pthread_create))[argc];
#else
  (void)argc;
  return 0;
#endif
}

Determining if the function pthread_create exists in the pthreads failed with the following output:
Change Dir: /afs/cs.cmu.edu/academic/class/15662-s15-users/minwongj/p4-physics-late1/build/CMakeFiles/CMakeTmp

Run Build Command:/usr/bin/gmake "cmTryCompileExec761262629/fast"
/usr/bin/gmake -f CMakeFiles/cmTryCompileExec761262629.dir/build.make CMakeFiles/cmTryCompileExec761262629.dir/build
gmake[1]: Entering directory `/afs/cs.cmu.edu/academic/class/15662-s15-users/minwongj/p4-physics-late1/build/CMakeFiles/CMakeTmp'
/usr/bin/cmake -E cmake_progress_report /afs/cs.cmu.edu/academic/class/15662-s15-users/minwongj/p4-physics-late1/build/CMakeFiles/CMakeTmp/CMakeFiles 1
Building C object CMakeFiles/cmTryCompileExec761262629.dir/CheckFunctionExists.c.o
/usr/bin/cc   -DCHECK_FUNCTION_EXISTS=pthread_create   -o CMakeFiles/cmTryCompileExec761262629.dir/CheckFunctionExists.c.o   -c /usr/share/cmake/Modules/CheckFunctionExists.c
Linking C executable cmTryCompileExec761262629
/usr/bin/cmake -E cmake_link_script CMakeFiles/cmTryCompileExec761262629.dir/link.txt --verbose=1
/usr/bin/cc   -DCHECK_FUNCTION_EXISTS=pthread_create    CMakeFiles/cmTryCompileExec761262629.dir/CheckFunctionExists.c.o  -o cmTryCompileExec761262629 -rdynamic -lpthreads 
/usr/bin/ld: cannot find -lpthreads
collect2: ld returned 1 exit status
gmake[1]: *** [cmTryCompileExec761262629] Error 1
gmake[1]: Leaving directory `/afs/cs.cmu.edu/academic/class/15662-s15-users/minwongj/p4-physics-late1/build/CMakeFiles/CMakeTmp'
gmake: *** [cmTryCompileExec761262629/fast] Error 2


